top - 13:19:43 up 18 days, 18:47,  1 user,  load average: 0.00, 0.00, 0.00
Tasks: 103 total,   2 running, 101 sleeping,   0 stopped,   0 zombie
Cpu(s):  0.4%us,  0.2%sy,  0.0%ni, 98.4%id,  0.9%wa,  0.0%hi,  0.0%si,  0.0%st
Mem:    248776k total,   242836k used,     5940k free,     5396k buffers
Swap:  1048572k total,   147300k used,   901272k free,    15940k cached

  PID USER      PR  NI  VIRT  RES  SHR S %CPU %MEM    TIME+  COMMAND                                                                   
 4479 root      20   0  4484  288  232 R  2.0  0.1   3875:43 diced                                                                     
    1 root      20   0  2900  132  132 S  0.0  0.1   0:01.94 init                                                                      
    2 root      20   0     0    0    0 S  0.0  0.0   0:00.00 kthreadd                                                                  
    3 root      RT   0     0    0    0 S  0.0  0.0   0:00.00 migration/0                                                               
    4 root      20   0     0    0    0 S  0.0  0.0   9:56.70 ksoftirqd/0                                                               
    5 root      RT   0     0    0    0 S  0.0  0.0   0:00.00 stopper/0                                                                 
    6 root      RT   0     0    0    0 S  0.0  0.0   0:19.80 watchdog/0                                                                
    7 root      20   0     0    0    0 S  0.0  0.0   8:54.34 events/0                                                                  
    8 root      20   0     0    0    0 S  0.0  0.0   0:00.00 events/0                                                                  
    9 root      20   0     0    0    0 S  0.0  0.0   0:00.00 events_long/0                                                             
   10 root      20   0     0    0    0 S  0.0  0.0   0:00.00 events_power_ef                                                           
   11 root      20   0     0    0    0 S  0.0  0.0   0:00.00 cgroup                                                                    
   12 root      20   0     0    0    0 S  0.0  0.0   0:00.00 khelper                                                                   
   13 root      20   0     0    0    0 S  0.0  0.0   0:00.00 netns                                                                     
   14 root      20   0     0    0    0 S  0.0  0.0   0:00.00 async/mgr                                                                 
   15 root      20   0     0    0    0 S  0.0  0.0   0:00.00 pm                                                                        
   16 root      20   0     0    0    0 S  0.0  0.0   0:08.70 sync_supers                                                               
   17 root      20   0     0    0    0 S  0.0  0.0   0:05.23 bdi-default                                                               
   18 root      20   0     0    0    0 S  0.0  0.0   0:00.00 kintegrityd/0                                                             
   19 root      20   0     0    0    0 S  0.0  0.0   2:05.77 kblockd/0                                                                 
   20 root      20   0     0    0    0 S  0.0  0.0   0:00.00 kacpid                                                                    
   21 root      20   0     0    0    0 S  0.0  0.0   0:00.00 kacpi_notify                                                              
   22 root      20   0     0    0    0 S  0.0  0.0   0:00.00 kacpi_hotplug                                                             
   23 root      20   0     0    0    0 S  0.0  0.0   0:00.00 ata_aux                                                                   
   24 root      20   0     0    0    0 S  0.0  0.0   0:00.00 ata_sff/0                                                                 
   25 root      20   0     0    0    0 S  0.0  0.0   0:00.00 ksuspend_usbd                                                             
   26 root      20   0     0    0    0 S  0.0  0.0   0:00.00 khubd                                                                     
   27 root      20   0     0    0    0 S  0.0  0.0   0:00.00 kseriod                                                                   
   28 root      20   0     0    0    0 S  0.0  0.0   0:00.00 md/0                                                                      
   29 root      20   0     0    0    0 S  0.0  0.0   0:00.00 md_misc/0                                                                 
   30 root      20   0     0    0    0 S  0.0  0.0   0:00.00 linkwatch                                                                 
   31 root      20   0     0    0    0 S  0.0  0.0   0:00.39 khungtaskd                                                                
   32 root      20   0     0    0    0 S  0.0  0.0   2:06.42 kswapd0                                                                   
   33 root      25   5     0    0    0 S  0.0  0.0   0:00.00 ksmd                                                                      
   34 root      20   0     0    0    0 S  0.0  0.0   0:00.00 aio/0                                                                     
   35 root      20   0     0    0    0 S  0.0  0.0   0:00.00 crypto/0                                                                  
   42 root      20   0     0    0    0 S  0.0  0.0   0:00.00 kthrotld/0                                                                
   44 root      20   0     0    0    0 S  0.0  0.0   0:00.00 kpsmoused                                                                 
   45 root      20   0     0    0    0 S  0.0  0.0   0:00.00 usbhid_resumer                                                            
   46 root      20   0     0    0    0 S  0.0  0.0   0:00.00 deferwq                                                                   
   79 root      20   0     0    0    0 S  0.0  0.0   0:00.00 kdmremove                                                                 
   80 root      20   0     0    0    0 S  0.0  0.0   0:00.00 kstriped                                                                  
  179 root      20   0     0    0    0 S  0.0  0.0   0:00.00 scsi_eh_0                                                                 
  180 root      20   0     0    0    0 S  0.0  0.0   0:00.00 scsi_eh_1                                                                 
  199 root      20   0     0    0    0 S  0.0  0.0   0:00.00 scsi_eh_2                                                                 
  257 root      20   0     0    0    0 S  0.0  0.0   0:03.28 kdmflush                                                                  
  259 root      20   0     0    0    0 S  0.0  0.0   0:00.00 kdmflush                                                                  
  326 root      20   0     0    0    0 S  0.0  0.0   0:22.15 jbd2/dm-0-8                                                               
  327 root      20   0     0    0    0 S  0.0  0.0   0:00.00 ext4-dio-unwrit                                                           
  419 root      20   0     0    0    0 S  0.0  0.0   0:13.86 flush-253:0                                                               
  420 root      16  -4  2564   32   32 S  0.0  0.0   0:00.18 udevd                                                                     
  546 root      20   0     0    0    0 S  0.0  0.0   0:00.00 iprt-VBoxWQueue                                                           
  696 root      18  -2  2564   36   36 S  0.0  0.0   0:00.02 udevd                                                                     
  729 root      20   0     0    0    0 S  0.0  0.0   0:00.02 jbd2/sda1-8                                                               
  730 root      20   0     0    0    0 S  0.0  0.0   0:00.00 ext4-dio-unwrit                                                           
  815 root      20   0     0    0    0 S  0.0  0.0   0:00.32 kauditd                                                                   
 3782 root      16  -4 13912  356  256 S  0.0  0.1   0:08.86 auditd                                                                    
 3812 root      20   0 35972  784  496 S  0.0  0.3   0:04.63 rsyslogd                                                                  
 3871 rpc       20   0  2576  116   68 S  0.0  0.0   0:09.21 rpcbind                                                                   
 3893 root      20   0  2980  328  276 S  0.0  0.1   2:12.01 lldpad                                                                    
 3906 root      20   0     0    0    0 S  0.0  0.0   0:00.00 scsi_tgtd/0                                                               
 3907 root      20   0     0    0    0 S  0.0  0.0   0:00.00 fc_exch_workque                                                           
 3908 root      20   0     0    0    0 S  0.0  0.0   0:00.00 fc_rport_eq                                                               
 3911 root      20   0     0    0    0 S  0.0  0.0   0:00.00 fcoe_work/0                                                               
 3912 root       0 -20     0    0    0 S  0.0  0.0   0:00.00 fcoethread/0                                                              
 3913 root      20   0     0    0    0 S  0.0  0.0   0:00.00 cnic_wq                                                                   
 3914 root      20   0     0    0    0 S  0.0  0.0   0:00.00 bnx2fc                                                                    
 3915 root       0 -20     0    0    0 S  0.0  0.0   0:00.00 bnx2fc_l2_threa                                                           
 3916 root       0 -20     0    0    0 S  0.0  0.0   0:00.00 bnx2fc_thread/0                                                           
 3920 root      20   0  2204   92   80 S  0.0  0.0   0:17.96 fcoemon                                                                   
 3944 rpcuser   20   0  2840   40   40 S  0.0  0.0   0:00.00 rpc.statd                                                                 
 4005 root      20   0  2020   24   24 S  0.0  0.0   0:00.00 acpid                                                                     
 4029 root      20   0 31180  556  396 S  0.0  0.2   0:27.67 automount                                                                 
 4101 root      20   0 31940  632  520 S  0.0  0.3   6:21.85 VBoxService                                                               
 4123 root      20   0  8632  324  232 S  0.0  0.1   0:00.12 sshd                                                                      
 4136 root      20   0  318m 181m  460 S  0.0 74.8  28:03.17 clamd                                                                     
 4180 root      20   0  5124   44   44 S  0.0  0.0   0:00.10 mysqld_safe                                                               
 4285 mysql     20   0  132m  948  128 S  0.0  0.4   6:46.92 mysqld                                                                    
 4386 root      20   0 12636  260  180 S  0.0  0.1   0:16.09 master                                                                    
 4393 postfix   20   0 13680  452  376 S  0.0  0.2   0:05.32 qmgr                                                                      
 4415 root      20   0 13860   48   48 S  0.0  0.0   0:00.01 abrtd                                                                     
 4426 root      20   0 29304  260  232 S  0.0  0.1   1:14.60 httpd                                                                     
 4438 root      20   0  5692  396  320 S  0.0  0.2   0:34.54 crond                                                                     
 4462 root      20   0  2644   56   44 S  0.0  0.0   0:00.12 atd                                                                       
 4488 root      20   0  2008   40   40 S  0.0  0.0   0:00.02 mingetty                                                                  
 4490 root      20   0  2008   40   40 S  0.0  0.0   0:00.01 mingetty                                                                  
 4492 root      20   0  2008   40   40 S  0.0  0.0   0:00.01 mingetty                                                                  
 4494 root      20   0  2008   40   40 S  0.0  0.0   0:00.00 mingetty                                                                  
 4496 root      20   0  2008   40   40 S  0.0  0.0   0:00.00 mingetty                                                                  
 4498 root      20   0  2008   40   40 S  0.0  0.0   0:00.01 mingetty                                                                  
19793 apache    20   0 29304  136  132 S  0.0  0.1   0:00.00 httpd                                                                     
19794 apache    20   0 29304  136  132 S  0.0  0.1   0:00.00 httpd                                                                     
19795 apache    20   0 29304  136  132 S  0.0  0.1   0:00.00 httpd                                                                     
19796 apache    20   0 29304  136  132 S  0.0  0.1   0:00.00 httpd                                                                     
19797 apache    20   0 29304  136  132 S  0.0  0.1   0:00.04 httpd                                                                     
19798 apache    20   0 29304  136  132 S  0.0  0.1   0:00.00 httpd                                                                     
19799 apache    20   0 29304  136  132 S  0.0  0.1   0:00.00 httpd                                                                     
19800 apache    20   0 29304  136  132 S  0.0  0.1   0:00.00 httpd                                                                     
23381 postfix   20   0 12712 2532 1916 S  0.0  1.0   0:00.02 pickup                                                                    
23410 root      20   0 11576 3224 2504 S  0.0  1.3   0:00.06 sshd                                                                      
23412 t552      20   0 11708 1992 1252 S  0.0  0.8   0:00.44 sshd                                                                      
23413 t552      20   0  6560 1896 1488 S  0.0  0.8   0:00.31 bash                                                                      
23504 t552      20   0  2716  984  768 R  0.0  0.4   0:00.01 top                                                                       

